[debug] [2026-07-18T21:16:04.000Z] ----------------------------------------------------------------------
[debug] [2026-07-18T21:16:04.002Z] Command:       C:\Program Files\nodejs\node.exe C:\Users\dario\AppData\Roaming\npm\node_modules\firebase-tools\lib\bin\firebase.js deploy --only functions:wbscProxy --project antwerp-eagles-d0a87
[debug] [2026-07-18T21:16:04.002Z] CLI Version:   15.19.0
[debug] [2026-07-18T21:16:04.002Z] Platform:      win32
[debug] [2026-07-18T21:16:04.002Z] Node Version:  v22.16.0
[debug] [2026-07-18T21:16:04.002Z] Time:          Sat Jul 18 2026 23:16:04 GMT+0200 (Central European Summer Time)
[debug] [2026-07-18T21:16:04.003Z] ----------------------------------------------------------------------
[debug] 
[debug] [2026-07-18T21:16:04.004Z] >>> [apiv2][query] GET https://firebase-public.firebaseio.com/cli.json [none]
[debug] [2026-07-18T21:16:06.185Z] > command requires scopes: ["email","openid","https://www.googleapis.com/auth/cloudplatformprojects.readonly","https://www.googleapis.com/auth/firebase","https://www.googleapis.com/auth/cloud-platform"]
[debug] [2026-07-18T21:16:06.185Z] > authorizing via signed-in user (dario.gilles1500@gmail.com)
[debug] [2026-07-18T21:16:06.185Z] [iam] checking project antwerp-eagles-d0a87 for permissions ["cloudfunctions.functions.create","cloudfunctions.functions.delete","cloudfunctions.functions.get","cloudfunctions.functions.list","cloudfunctions.functions.update","cloudfunctions.operations.get","firebase.projects.get"]
[debug] [2026-07-18T21:16:06.186Z] Checked if tokens are valid: false, expires at: 1780402290633
[debug] [2026-07-18T21:16:06.186Z] Checked if tokens are valid: false, expires at: 1780402290633
[debug] [2026-07-18T21:16:06.186Z] > refreshing access token with scopes: []
[debug] [2026-07-18T21:16:06.187Z] >>> [apiv2][query] POST https://www.googleapis.com/oauth2/v3/token [none]
[debug] [2026-07-18T21:16:06.187Z] >>> [apiv2][body] POST https://www.googleapis.com/oauth2/v3/token [omitted]
[debug] [2026-07-18T21:16:06.284Z] <<< [apiv2][status] POST https://www.googleapis.com/oauth2/v3/token 200
[debug] [2026-07-18T21:16:06.285Z] <<< [apiv2][body] POST https://www.googleapis.com/oauth2/v3/token [omitted]
[debug] [2026-07-18T21:16:06.293Z] >>> [apiv2][query] POST https://cloudresourcemanager.googleapis.com/v1/projects/antwerp-eagles-d0a87:testIamPermissions [none]
[debug] [2026-07-18T21:16:06.294Z] >>> [apiv2][(partial)header] POST https://cloudresourcemanager.googleapis.com/v1/projects/antwerp-eagles-d0a87:testIamPermissions  x-goog-user-project=antwerp-eagles-d0a87
[debug] [2026-07-18T21:16:06.294Z] >>> [apiv2][body] POST https://cloudresourcemanager.googleapis.com/v1/projects/antwerp-eagles-d0a87:testIamPermissions {"permissions":["cloudfunctions.functions.create","cloudfunctions.functions.delete","cloudfunctions.functions.get","cloudfunctions.functions.list","cloudfunctions.functions.update","cloudfunctions.operations.get","firebase.projects.get"]}
[debug] [2026-07-18T21:16:06.457Z] <<< [apiv2][status] GET https://firebase-public.firebaseio.com/cli.json 200
[debug] [2026-07-18T21:16:06.457Z] <<< [apiv2][body] GET https://firebase-public.firebaseio.com/cli.json {"cloudBuildErrorAfter":1594252800000,"cloudBuildWarnAfter":1590019200000,"defaultNode10After":1594252800000,"minVersion":"3.0.5","node8DeploysDisabledAfter":1613390400000,"node8RuntimeDisabledAfter":1615809600000,"node8WarnAfter":1600128000000}
[debug] [2026-07-18T21:16:06.976Z] <<< [apiv2][status] POST https://cloudresourcemanager.googleapis.com/v1/projects/antwerp-eagles-d0a87:testIamPermissions 200
[debug] [2026-07-18T21:16:06.976Z] <<< [apiv2][body] POST https://cloudresourcemanager.googleapis.com/v1/projects/antwerp-eagles-d0a87:testIamPermissions {"permissions":["cloudfunctions.functions.create","cloudfunctions.functions.delete","cloudfunctions.functions.get","cloudfunctions.functions.list","cloudfunctions.functions.update","cloudfunctions.operations.get","firebase.projects.get"]}
[debug] [2026-07-18T21:16:06.976Z] Checked if tokens are valid: true, expires at: 1784412965285
[debug] [2026-07-18T21:16:06.976Z] Checked if tokens are valid: true, expires at: 1784412965285
[debug] [2026-07-18T21:16:06.976Z] >>> [apiv2][query] POST https://iam.googleapis.com/v1/projects/antwerp-eagles-d0a87/serviceAccounts/antwerp-eagles-d0a87@appspot.gserviceaccount.com:testIamPermissions [none]
[debug] [2026-07-18T21:16:06.976Z] >>> [apiv2][body] POST https://iam.googleapis.com/v1/projects/antwerp-eagles-d0a87/serviceAccounts/antwerp-eagles-d0a87@appspot.gserviceaccount.com:testIamPermissions {"permissions":["iam.serviceAccounts.actAs"]}
[debug] [2026-07-18T21:16:07.671Z] <<< [apiv2][status] POST https://iam.googleapis.com/v1/projects/antwerp-eagles-d0a87/serviceAccounts/antwerp-eagles-d0a87@appspot.gserviceaccount.com:testIamPermissions 200
[debug] [2026-07-18T21:16:07.671Z] <<< [apiv2][body] POST https://iam.googleapis.com/v1/projects/antwerp-eagles-d0a87/serviceAccounts/antwerp-eagles-d0a87@appspot.gserviceaccount.com:testIamPermissions {"permissions":["iam.serviceAccounts.actAs"]}
[info] 
[info] === Deploying to 'antwerp-eagles-d0a87'...
[info] 
[info] i  deploying functions 
[info] Running command: npm --prefix functions run build
[info] +  functions: Finished running predeploy script. 
[debug] [2026-07-18T21:16:10.152Z] Checked if tokens are valid: true, expires at: 1784412965285
[debug] [2026-07-18T21:16:10.152Z] Checked if tokens are valid: true, expires at: 1784412965285
[debug] [2026-07-18T21:16:10.152Z] >>> [apiv2][query] GET https://cloudresourcemanager.googleapis.com/v1/projects/antwerp-eagles-d0a87 [none]
[debug] [2026-07-18T21:16:10.322Z] <<< [apiv2][status] GET https://cloudresourcemanager.googleapis.com/v1/projects/antwerp-eagles-d0a87 200
[debug] [2026-07-18T21:16:10.322Z] <<< [apiv2][body] GET https://cloudresourcemanager.googleapis.com/v1/projects/antwerp-eagles-d0a87 {"projectNumber":"53557639212","projectId":"antwerp-eagles-d0a87","lifecycleState":"ACTIVE","name":"antwerp-eagles-backend","labels":{"firebase":"enabled","firebase-core":"disabled"},"createTime":"2026-03-31T23:00:51.707Z"}
[info] i  functions: preparing codebase default for deployment 
[info] i  functions: ensuring required API cloudfunctions.googleapis.com is enabled... 
[info] i  functions: ensuring required API cloudbuild.googleapis.com is enabled... 
[info] i  artifactregistry: ensuring required API artifactregistry.googleapis.com is enabled... 
[debug] [2026-07-18T21:16:10.325Z] Checked if tokens are valid: true, expires at: 1784412965285
[debug] [2026-07-18T21:16:10.325Z] Checked if tokens are valid: true, expires at: 1784412965285
[debug] [2026-07-18T21:16:10.325Z] >>> [apiv2][query] GET https://firebase.googleapis.com/v1beta1/projects/antwerp-eagles-d0a87/adminSdkConfig [none]
[debug] [2026-07-18T21:16:10.821Z] <<< [apiv2][status] GET https://firebase.googleapis.com/v1beta1/projects/antwerp-eagles-d0a87/adminSdkConfig 200
[debug] [2026-07-18T21:16:10.822Z] <<< [apiv2][body] GET https://firebase.googleapis.com/v1beta1/projects/antwerp-eagles-d0a87/adminSdkConfig {"projectId":"antwerp-eagles-d0a87","storageBucket":"antwerp-eagles-d0a87.firebasestorage.app"}
[debug] [2026-07-18T21:16:10.823Z] Validating nodejs source
[warn] !  functions: package.json indicates an outdated version of firebase-functions. Please upgrade using npm install --save firebase-functions@latest in your functions directory. 
[debug] [2026-07-18T21:16:11.639Z] > [functions] package.json contents: {
  "name": "functions",
  "scripts": {
    "lint": "eslint --ext .js,.ts .",
    "build": "tsc",
    "build:watch": "tsc --watch",
    "serve": "npm run build && firebase emulators:start --only functions",
    "shell": "npm run build && firebase functions:shell",
    "start": "npm run shell",
    "deploy": "firebase deploy --only functions",
    "logs": "firebase functions:log"
  },
  "engines": {
    "node": "24"
  },
  "main": "lib/index.js",
  "dependencies": {
    "cheerio": "^1.2.0",
    "cors": "^2.8.6",
    "firebase-admin": "^13.6.0",
    "firebase-functions": "^7.2.5"
  },
  "devDependencies": {
    "@types/cors": "^2.8.19",
    "@typescript-eslint/eslint-plugin": "^5.12.0",
    "@typescript-eslint/parser": "^5.12.0",
    "eslint": "^8.9.0",
    "eslint-config-google": "^0.14.0",
    "eslint-plugin-import": "^2.25.4",
    "firebase-functions-test": "^3.4.1",
    "typescript": "^6.0.0"
  },
  "private": true
}
[debug] [2026-07-18T21:16:11.639Z] Building nodejs source
[info] i  functions: Loading and analyzing source code for codebase default to determine what to deploy 
[debug] [2026-07-18T21:16:11.640Z] Could not find functions.yaml. Must use http discovery
[debug] [2026-07-18T21:16:11.647Z] Found firebase-functions binary at 'F:\Websites\antwerp-eagles-website\functions\node_modules\.bin\firebase-functions'
[info] Serving at port 8801

[debug] [2026-07-18T21:16:12.970Z] Got response from /__/functions.yaml {"endpoints":{"wbscProxy":{"availableMemoryMb":null,"timeoutSeconds":null,"minInstances":null,"maxInstances":null,"ingressSettings":null,"concurrency":null,"serviceAccountEmail":null,"vpc":null,"platform":"gcfv2","labels":{},"httpsTrigger":{"invoker":["public"]},"entryPoint":"wbscProxy"},"wbscSyncVrijdag":{"availableMemoryMb":null,"timeoutSeconds":null,"minInstances":null,"maxInstances":null,"ingressSettings":null,"concurrency":null,"serviceAccountEmail":null,"vpc":null,"platform":"gcfv2","labels":{},"scheduleTrigger":{"schedule":"0 7 * * 5","retryConfig":{},"timeZone":"Europe/Brussels"},"entryPoint":"wbscSyncVrijdag"},"wbscSyncZaterdag":{"availableMemoryMb":null,"timeoutSeconds":null,"minInstances":null,"maxInstances":null,"ingressSettings":null,"concurrency":null,"serviceAccountEmail":null,"vpc":null,"platform":"gcfv2","labels":{},"scheduleTrigger":{"schedule":"0 21 * * 6","retryConfig":{},"timeZone":"Europe/Brussels"},"entryPoint":"wbscSyncZaterdag"},"wbscSyncZondag":{"availableMemoryMb":null,"timeoutSeconds":null,"minInstances":null,"maxInstances":null,"ingressSettings":null,"concurrency":null,"serviceAccountEmail":null,"vpc":null,"platform":"gcfv2","labels":{},"scheduleTrigger":{"schedule":"0 21 * * 0","retryConfig":{},"timeZone":"Europe/Brussels"},"entryPoint":"wbscSyncZondag"}},"specVersion":"v1alpha1","requiredAPIs":[{"api":"cloudscheduler.googleapis.com","reason":"Needed for scheduled functions."}],"extensions":{}}
[debug] [2026-07-18T21:16:16.996Z] Checked if tokens are valid: true, expires at: 1784412965285
[debug] [2026-07-18T21:16:16.996Z] Checked if tokens are valid: true, expires at: 1784412965285
[debug] [2026-07-18T21:16:16.996Z] >>> [apiv2][query] GET https://cloudfunctions.googleapis.com/v1/projects/antwerp-eagles-d0a87/locations/-/functions [none]
[debug] [2026-07-18T21:16:17.583Z] <<< [apiv2][status] GET https://cloudfunctions.googleapis.com/v1/projects/antwerp-eagles-d0a87/locations/-/functions 200
[debug] [2026-07-18T21:16:17.584Z] <<< [apiv2][body] GET https://cloudfunctions.googleapis.com/v1/projects/antwerp-eagles-d0a87/locations/-/functions {}
[debug] [2026-07-18T21:16:17.584Z] Checked if tokens are valid: true, expires at: 1784412965285
[debug] [2026-07-18T21:16:17.584Z] Checked if tokens are valid: true, expires at: 1784412965285
[debug] [2026-07-18T21:16:17.584Z] >>> [apiv2][query] GET https://cloudfunctions.googleapis.com/v2/projects/antwerp-eagles-d0a87/locations/-/functions filter=environment%3D%22GEN_2%22
[debug] [2026-07-18T21:16:18.606Z] <<< [apiv2][status] GET https://cloudfunctions.googleapis.com/v2/projects/antwerp-eagles-d0a87/locations/-/functions 200
[debug] [2026-07-18T21:16:18.606Z] <<< [apiv2][body] GET https://cloudfunctions.googleapis.com/v2/projects/antwerp-eagles-d0a87/locations/-/functions {"functions":[{"name":"projects/antwerp-eagles-d0a87/locations/us-central1/functions/wbscSyncZaterdag","buildConfig":{"build":"projects/53557639212/locations/us-central1/builds/81b634fc-a92f-42d8-bfcb-3f4421d3f158","runtime":"nodejs24","entryPoint":"wbscSyncZaterdag","source":{"storageSource":{"bucket":"gcf-v2-sources-53557639212-us-central1","object":"wbscSyncZaterdag/function-source.zip","generation":"1779978906201043"}},"environmentVariables":{"GOOGLE_NODE_RUN_SCRIPTS":""},"dockerRepository":"projects/antwerp-eagles-d0a87/locations/us-central1/repositories/gcf-artifacts","sourceProvenance":{"resolvedStorageSource":{"bucket":"gcf-v2-sources-53557639212-us-central1","object":"wbscSyncZaterdag/function-source.zip","generation":"1779978906201043"}},"dockerRegistry":"ARTIFACT_REGISTRY","serviceAccount":"projects/antwerp-eagles-d0a87/serviceAccounts/53557639212-compute@developer.gserviceaccount.com","automaticUpdatePolicy":{}},"serviceConfig":{"service":"projects/antwerp-eagles-d0a87/locations/us-central1/services/wbscsynczaterdag","timeoutSeconds":60,"environmentVariables":{"FIREBASE_CONFIG":"{\"projectId\":\"antwerp-eagles-d0a87\",\"storageBucket\":\"antwerp-eagles-d0a87.firebasestorage.app\"}","GCLOUD_PROJECT":"antwerp-eagles-d0a87","EVENTARC_CLOUD_EVENT_SOURCE":"projects/antwerp-eagles-d0a87/locations/us-central1/services/wbscSyncZaterdag","FUNCTION_TARGET":"wbscSyncZaterdag","LOG_EXECUTION_ID":"true","FUNCTION_SIGNATURE_TYPE":"http"},"maxInstanceCount":20,"ingressSettings":"ALLOW_ALL","uri":"https://wbscsynczaterdag-25fwflr5va-uc.a.run.app","serviceAccountEmail":"53557639212-compute@developer.gserviceaccount.com","availableMemory":"256Mi","allTrafficOnLatestRevision":true,"revision":"wbscsynczaterdag-00002-yip","maxInstanceRequestConcurrency":80,"availableCpu":"1"},"state":"ACTIVE","updateTime":"2026-07-16T16:59:30.081780418Z","labels":{"deployment-tool":"cli-firebase","deployment-scheduled":"true","firebase-functions-hash":"0ed901a2d733314626e7fd21083bfefbad1cda38"},"environment":"GEN_2","url":"https://us-central1-antwerp-eagles-d0a87.cloudfunctions.net/wbscSyncZaterdag","createTime":"2026-05-04T15:10:33.624685896Z","satisfiesPzi":true},{"name":"projects/antwerp-eagles-d0a87/locations/us-central1/functions/wbscProxy","buildConfig":{"build":"projects/53557639212/locations/us-central1/builds/81b634fc-a92f-42d8-bfcb-3f4421d3f158","runtime":"nodejs24","entryPoint":"wbscProxy","source":{"storageSource":{"bucket":"gcf-v2-sources-53557639212-us-central1","object":"wbscProxy/function-source.zip","generation":"1779978788717474"}},"environmentVariables":{"GOOGLE_NODE_RUN_SCRIPTS":""},"dockerRepository":"projects/antwerp-eagles-d0a87/locations/us-central1/repositories/gcf-artifacts","sourceProvenance":{"resolvedStorageSource":{"bucket":"gcf-v2-sources-53557639212-us-central1","object":"wbscProxy/function-source.zip","generation":"1779978788717474"}},"dockerRegistry":"ARTIFACT_REGISTRY","serviceAccount":"projects/antwerp-eagles-d0a87/serviceAccounts/53557639212-compute@developer.gserviceaccount.com","automaticUpdatePolicy":{}},"serviceConfig":{"service":"projects/antwerp-eagles-d0a87/locations/us-central1/services/wbscproxy","timeoutSeconds":60,"environmentVariables":{"FIREBASE_CONFIG":"{\"projectId\":\"antwerp-eagles-d0a87\",\"storageBucket\":\"antwerp-eagles-d0a87.firebasestorage.app\"}","GCLOUD_PROJECT":"antwerp-eagles-d0a87","EVENTARC_CLOUD_EVENT_SOURCE":"projects/antwerp-eagles-d0a87/locations/us-central1/services/wbscProxy","FUNCTION_TARGET":"wbscProxy","LOG_EXECUTION_ID":"true","FUNCTION_SIGNATURE_TYPE":"http"},"maxInstanceCount":20,"ingressSettings":"ALLOW_ALL","uri":"https://wbscproxy-25fwflr5va-uc.a.run.app","serviceAccountEmail":"53557639212-compute@developer.gserviceaccount.com","availableMemory":"256Mi","allTrafficOnLatestRevision":true,"revision":"wbscproxy-00005-few","maxInstanceRequestConcurrency":80,"availableCpu":"1"},"state":"ACTIVE","updateTime":"2026-07-16T16:59:30.083029974Z","labels":{"deployment-tool":"cli-firebase","firebase-functions-hash":"0ed901a2d733314626e7fd21083bfefbad1cda38"},"environment":"GEN_2","url":"https://us-central1-antwerp-eagles-d0a87.cloudfunctions.net/wbscProxy","createTime":"2026-04-06T23:31:02.016583298Z","satisfiesPzi":true},{"name":"projects/antwerp-eagles-d0a87/locations/us-central1/functions/wbscSyncZondag","buildConfig":{"build":"projects/53557639212/locations/us-central1/builds/81b634fc-a92f-42d8-bfcb-3f4421d3f158","runtime":"nodejs24","entryPoint":"wbscSyncZondag","source":{"storageSource":{"bucket":"gcf-v2-sources-53557639212-us-central1","object":"wbscSyncZondag/function-source.zip","generation":"1779978906206594"}},"environmentVariables":{"GOOGLE_NODE_RUN_SCRIPTS":""},"dockerRepository":"projects/antwerp-eagles-d0a87/locations/us-central1/repositories/gcf-artifacts","sourceProvenance":{"resolvedStorageSource":{"bucket":"gcf-v2-sources-53557639212-us-central1","object":"wbscSyncZondag/function-source.zip","generation":"1779978906206594"}},"dockerRegistry":"ARTIFACT_REGISTRY","serviceAccount":"projects/antwerp-eagles-d0a87/serviceAccounts/53557639212-compute@developer.gserviceaccount.com","automaticUpdatePolicy":{}},"serviceConfig":{"service":"projects/antwerp-eagles-d0a87/locations/us-central1/services/wbscsynczondag","timeoutSeconds":60,"environmentVariables":{"FIREBASE_CONFIG":"{\"projectId\":\"antwerp-eagles-d0a87\",\"storageBucket\":\"antwerp-eagles-d0a87.firebasestorage.app\"}","GCLOUD_PROJECT":"antwerp-eagles-d0a87","EVENTARC_CLOUD_EVENT_SOURCE":"projects/antwerp-eagles-d0a87/locations/us-central1/services/wbscSyncZondag","FUNCTION_TARGET":"wbscSyncZondag","LOG_EXECUTION_ID":"true","FUNCTION_SIGNATURE_TYPE":"http"},"maxInstanceCount":20,"ingressSettings":"ALLOW_ALL","uri":"https://wbscsynczondag-25fwflr5va-uc.a.run.app","serviceAccountEmail":"53557639212-compute@developer.gserviceaccount.com","availableMemory":"256Mi","allTrafficOnLatestRevision":true,"revision":"wbscsynczondag-00002-vuv","maxInstanceRequestConcurrency":80,"availableCpu":"1"},"state":"ACTIVE","updateTime":"2026-07-16T16:59:30.234644172Z","labels":{"firebase-functions-hash":"0ed901a2d733314626e7fd21083bfefbad1cda38","deployment-tool":"cli-firebase","deployment-scheduled":"true"},"environment":"GEN_2","url":"https://us-central1-antwerp-eagles-d0a87.cloudfunctions.net/wbscSyncZondag","createTime":"2026-05-04T15:10:34.057361767Z","satisfiesPzi":true},{"name":"projects/antwerp-eagles-d0a87/locations/us-central1/functions/wbscSyncVrijdag","buildConfig":{"build":"projects/53557639212/locations/us-central1/builds/81b634fc-a92f-42d8-bfcb-3f4421d3f158","runtime":"nodejs24","entryPoint":"wbscSyncVrijdag","source":{"storageSource":{"bucket":"gcf-v2-sources-53557639212-us-central1","object":"wbscSyncVrijdag/function-source.zip","generation":"1779978906231506"}},"environmentVariables":{"GOOGLE_NODE_RUN_SCRIPTS":""},"dockerRepository":"projects/antwerp-eagles-d0a87/locations/us-central1/repositories/gcf-artifacts","sourceProvenance":{"resolvedStorageSource":{"bucket":"gcf-v2-sources-53557639212-us-central1","object":"wbscSyncVrijdag/function-source.zip","generation":"1779978906231506"}},"dockerRegistry":"ARTIFACT_REGISTRY","serviceAccount":"projects/antwerp-eagles-d0a87/serviceAccounts/53557639212-compute@developer.gserviceaccount.com","automaticUpdatePolicy":{}},"serviceConfig":{"service":"projects/antwerp-eagles-d0a87/locations/us-central1/services/wbscsyncvrijdag","timeoutSeconds":60,"environmentVariables":{"FIREBASE_CONFIG":"{\"projectId\":\"antwerp-eagles-d0a87\",\"storageBucket\":\"antwerp-eagles-d0a87.firebasestorage.app\"}","GCLOUD_PROJECT":"antwerp-eagles-d0a87","EVENTARC_CLOUD_EVENT_SOURCE":"projects/antwerp-eagles-d0a87/locations/us-central1/services/wbscSyncVrijdag","FUNCTION_TARGET":"wbscSyncVrijdag","LOG_EXECUTION_ID":"true","FUNCTION_SIGNATURE_TYPE":"http"},"maxInstanceCount":20,"ingressSettings":"ALLOW_ALL","uri":"https://wbscsyncvrijdag-25fwflr5va-uc.a.run.app","serviceAccountEmail":"53557639212-compute@developer.gserviceaccount.com","availableMemory":"256Mi","allTrafficOnLatestRevision":true,"revision":"wbscsyncvrijdag-00002-seh","maxInstanceRequestConcurrency":80,"availableCpu":"1"},"state":"ACTIVE","updateTime":"2026-07-16T16:59:30.222921481Z","labels":{"deployment-scheduled":"true","firebase-functions-hash":"0ed901a2d733314626e7fd21083bfefbad1cda38","deployment-tool":"cli-firebase"},"environment":"GEN_2","url":"https://us-central1-antwerp-eagles-d0a87.cloudfunctions.net/wbscSyncVrijdag","createTime":"2026-05-04T15:08:54.081467857Z","satisfiesPzi":true}]}
[info] i  extensions: ensuring required API firebaseextensions.googleapis.com is enabled... 
[debug] [2026-07-18T21:16:18.607Z] > command requires scopes: ["email","openid","https://www.googleapis.com/auth/cloudplatformprojects.readonly","https://www.googleapis.com/auth/firebase","https://www.googleapis.com/auth/cloud-platform"]
[debug] [2026-07-18T21:16:18.607Z] > authorizing via signed-in user (dario.gilles1500@gmail.com)
[debug] [2026-07-18T21:16:18.607Z] [iam] checking project antwerp-eagles-d0a87 for permissions ["firebase.projects.get","firebaseextensions.instances.list"]
[debug] [2026-07-18T21:16:18.607Z] Checked if tokens are valid: true, expires at: 1784412965285
[debug] [2026-07-18T21:16:18.607Z] Checked if tokens are valid: true, expires at: 1784412965285
[debug] [2026-07-18T21:16:18.607Z] >>> [apiv2][query] POST https://cloudresourcemanager.googleapis.com/v1/projects/antwerp-eagles-d0a87:testIamPermissions [none]
[debug] [2026-07-18T21:16:18.607Z] >>> [apiv2][(partial)header] POST https://cloudresourcemanager.googleapis.com/v1/projects/antwerp-eagles-d0a87:testIamPermissions  x-goog-user-project=antwerp-eagles-d0a87
[debug] [2026-07-18T21:16:18.608Z] >>> [apiv2][body] POST https://cloudresourcemanager.googleapis.com/v1/projects/antwerp-eagles-d0a87:testIamPermissions {"permissions":["firebase.projects.get","firebaseextensions.instances.list"]}
[debug] [2026-07-18T21:16:19.295Z] <<< [apiv2][status] POST https://cloudresourcemanager.googleapis.com/v1/projects/antwerp-eagles-d0a87:testIamPermissions 200
[debug] [2026-07-18T21:16:19.295Z] <<< [apiv2][body] POST https://cloudresourcemanager.googleapis.com/v1/projects/antwerp-eagles-d0a87:testIamPermissions {"permissions":["firebase.projects.get","firebaseextensions.instances.list"]}
[debug] [2026-07-18T21:16:19.295Z] Checked if tokens are valid: true, expires at: 1784412965285
[debug] [2026-07-18T21:16:19.295Z] Checked if tokens are valid: true, expires at: 1784412965285
[debug] [2026-07-18T21:16:19.295Z] >>> [apiv2][query] GET https://firebaseextensions.googleapis.com/v1beta/projects/antwerp-eagles-d0a87/instances pageSize=100&pageToken=
[debug] [2026-07-18T21:16:20.159Z] <<< [apiv2][status] GET https://firebaseextensions.googleapis.com/v1beta/projects/antwerp-eagles-d0a87/instances 200
[debug] [2026-07-18T21:16:20.159Z] <<< [apiv2][body] GET https://firebaseextensions.googleapis.com/v1beta/projects/antwerp-eagles-d0a87/instances {}
[info] i  functions: preparing functions directory for uploading... 
[info] i  functions: packaged F:\Websites\antwerp-eagles-website\functions (13.96 KB) for uploading 
[info] i  functions: ensuring required API cloudscheduler.googleapis.com is enabled... 
[info] i  functions: ensuring required API run.googleapis.com is enabled... 
[info] i  functions: ensuring required API eventarc.googleapis.com is enabled... 
[info] i  functions: ensuring required API pubsub.googleapis.com is enabled... 
[info] i  functions: ensuring required API storage.googleapis.com is enabled... 
[info] i  functions: generating the service identity for pubsub.googleapis.com... 
[debug] [2026-07-18T21:16:20.185Z] Checked if tokens are valid: true, expires at: 1784412965285
[debug] [2026-07-18T21:16:20.185Z] Checked if tokens are valid: true, expires at: 1784412965285
[info] i  functions: generating the service identity for eventarc.googleapis.com... 
[debug] [2026-07-18T21:16:20.185Z] Checked if tokens are valid: true, expires at: 1784412965285
[debug] [2026-07-18T21:16:20.185Z] Checked if tokens are valid: true, expires at: 1784412965285
[debug] [2026-07-18T21:16:20.185Z] >>> [apiv2][query] POST https://serviceusage.googleapis.com/v1beta1/projects/53557639212/services/pubsub.googleapis.com:generateServiceIdentity [none]
[debug] [2026-07-18T21:16:20.185Z] >>> [apiv2][(partial)header] POST https://serviceusage.googleapis.com/v1beta1/projects/53557639212/services/pubsub.googleapis.com:generateServiceIdentity  x-goog-user-project=53557639212
[debug] [2026-07-18T21:16:20.185Z] >>> [apiv2][body] POST https://serviceusage.googleapis.com/v1beta1/projects/53557639212/services/pubsub.googleapis.com:generateServiceIdentity {}
[debug] [2026-07-18T21:16:20.186Z] >>> [apiv2][query] POST https://serviceusage.googleapis.com/v1beta1/projects/53557639212/services/eventarc.googleapis.com:generateServiceIdentity [none]
[debug] [2026-07-18T21:16:20.186Z] >>> [apiv2][(partial)header] POST https://serviceusage.googleapis.com/v1beta1/projects/53557639212/services/eventarc.googleapis.com:generateServiceIdentity  x-goog-user-project=53557639212
[debug] [2026-07-18T21:16:20.186Z] >>> [apiv2][body] POST https://serviceusage.googleapis.com/v1beta1/projects/53557639212/services/eventarc.googleapis.com:generateServiceIdentity {}
[debug] [2026-07-18T21:16:20.681Z] <<< [apiv2][status] POST https://serviceusage.googleapis.com/v1beta1/projects/53557639212/services/pubsub.googleapis.com:generateServiceIdentity 200
[debug] [2026-07-18T21:16:20.681Z] <<< [apiv2][body] POST https://serviceusage.googleapis.com/v1beta1/projects/53557639212/services/pubsub.googleapis.com:generateServiceIdentity {"name":"operations/finished.DONE_OPERATION","done":true,"response":{"@type":"type.googleapis.com/google.api.serviceusage.v1beta1.ServiceIdentity","email":"service-53557639212@gcp-sa-pubsub.iam.gserviceaccount.com","uniqueId":"108694376876438515843"}}
[debug] [2026-07-18T21:16:21.119Z] <<< [apiv2][status] POST https://serviceusage.googleapis.com/v1beta1/projects/53557639212/services/eventarc.googleapis.com:generateServiceIdentity 200
[debug] [2026-07-18T21:16:21.120Z] <<< [apiv2][body] POST https://serviceusage.googleapis.com/v1beta1/projects/53557639212/services/eventarc.googleapis.com:generateServiceIdentity {"name":"operations/finished.DONE_OPERATION","done":true,"response":{"@type":"type.googleapis.com/google.api.serviceusage.v1beta1.ServiceIdentity","email":"service-53557639212@gcp-sa-eventarc.iam.gserviceaccount.com","uniqueId":"105593563620337251487"}}
[debug] [2026-07-18T21:16:21.121Z] Checked if tokens are valid: true, expires at: 1784412965285
[debug] [2026-07-18T21:16:21.122Z] Checked if tokens are valid: true, expires at: 1784412965285
[debug] [2026-07-18T21:16:21.122Z] >>> [apiv2][query] GET https://cloudresourcemanager.googleapis.com/v1/projects/antwerp-eagles-d0a87 [none]
[debug] [2026-07-18T21:16:21.298Z] <<< [apiv2][status] GET https://cloudresourcemanager.googleapis.com/v1/projects/antwerp-eagles-d0a87 200
[debug] [2026-07-18T21:16:21.299Z] <<< [apiv2][body] GET https://cloudresourcemanager.googleapis.com/v1/projects/antwerp-eagles-d0a87 {"projectNumber":"53557639212","projectId":"antwerp-eagles-d0a87","lifecycleState":"ACTIVE","name":"antwerp-eagles-backend","labels":{"firebase":"enabled","firebase-core":"disabled"},"createTime":"2026-03-31T23:00:51.707Z"}
[debug] [2026-07-18T21:16:21.299Z] Checked if tokens are valid: true, expires at: 1784412965285
[debug] [2026-07-18T21:16:21.299Z] Checked if tokens are valid: true, expires at: 1784412965285
[debug] [2026-07-18T21:16:21.299Z] >>> [apiv2][query] GET https://compute.googleapis.com/compute/v1/projects/53557639212 [none]
[debug] [2026-07-18T21:16:21.824Z] <<< [apiv2][status] GET https://compute.googleapis.com/compute/v1/projects/53557639212 200
[debug] [2026-07-18T21:16:21.824Z] <<< [apiv2][body] GET https://compute.googleapis.com/compute/v1/projects/53557639212 {"kind":"compute#project","id":"2399505210905326082","creationTimestamp":"2026-05-28T07:10:53.935-07:00","name":"antwerp-eagles-d0a87","commonInstanceMetadata":{"kind":"compute#metadata","fingerprint":"yUuNzFLdwYE="},"quotas":[{"metric":"SNAPSHOTS","limit":1000,"usage":0},{"metric":"NETWORKS","limit":5,"usage":1},{"metric":"FIREWALLS","limit":100,"usage":4},{"metric":"IMAGES","limit":100,"usage":0},{"metric":"STATIC_ADDRESSES","limit":8,"usage":0},{"metric":"ROUTES","limit":200,"usage":0},{"metric":"FORWARDING_RULES","limit":15,"usage":0},{"metric":"TARGET_POOLS","limit":50,"usage":0},{"metric":"HEALTH_CHECKS","limit":75,"usage":0},{"metric":"IN_USE_ADDRESSES","limit":8,"usage":0},{"metric":"TARGET_INSTANCES","limit":50,"usage":0},{"metric":"TARGET_HTTP_PROXIES","limit":10,"usage":0},{"metric":"URL_MAPS","limit":10,"usage":0},{"metric":"BACKEND_SERVICES","limit":50,"usage":0},{"metric":"INSTANCE_TEMPLATES","limit":100,"usage":0},{"metric":"TARGET_VPN_GATEWAYS","limit":5,"usage":0},{"metric":"VPN_TUNNELS","limit":10,"usage":0},{"metric":"BACKEND_BUCKETS","limit":3,"usage":0},{"metric":"ROUTERS","limit":10,"usage":0},{"metric":"TARGET_SSL_PROXIES","limit":10,"usage":0},{"metric":"TARGET_HTTPS_PROXIES","limit":10,"usage":0},{"metric":"SSL_CERTIFICATES","limit":10,"usage":0},{"metric":"SUBNETWORKS","limit":100,"usage":0},{"metric":"TARGET_TCP_PROXIES","limit":10,"usage":0},{"metric":"CPUS_ALL_REGIONS","limit":32,"usage":0},{"metric":"SECURITY_POLICIES","limit":10,"usage":0},{"metric":"SECURITY_POLICY_RULES","limit":100,"usage":0},{"metric":"XPN_SERVICE_PROJECTS","limit":1000,"usage":0},{"metric":"PACKET_MIRRORINGS","limit":20,"usage":0},{"metric":"NETWORK_ENDPOINT_GROUPS","limit":100,"usage":0},{"metric":"INTERCONNECTS","limit":6,"usage":0},{"metric":"SSL_POLICIES","limit":10,"usage":0},{"metric":"GLOBAL_INTERNAL_ADDRESSES","limit":5000,"usage":0},{"metric":"VPN_GATEWAYS","limit":5,"usage":0},{"metric":"MACHINE_IMAGES","limit":100,"usage":0},{"metric":"SECURITY_POLICY_CEVAL_RULES","limit":20,"usage":0},{"metric":"GPUS_ALL_REGIONS","limit":0,"usage":0},{"metric":"EXTERNAL_VPN_GATEWAYS","limit":5,"usage":0},{"metric":"PUBLIC_ADVERTISED_PREFIXES","limit":1,"usage":0},{"metric":"PUBLIC_DELEGATED_PREFIXES","limit":10,"usage":0},{"metric":"STATIC_BYOIP_ADDRESSES","limit":128,"usage":0},{"metric":"NETWORK_FIREWALL_POLICIES","limit":10,"usage":0},{"metric":"INTERNAL_TRAFFIC_DIRECTOR_FORWARDING_RULES","limit":15,"usage":0},{"metric":"GLOBAL_EXTERNAL_MANAGED_FORWARDING_RULES","limit":15,"usage":0},{"metric":"GLOBAL_INTERNAL_MANAGED_BACKEND_SERVICES","limit":50,"usage":0},{"metric":"GLOBAL_EXTERNAL_MANAGED_BACKEND_SERVICES","limit":50,"usage":0},{"metric":"GLOBAL_EXTERNAL_PROXY_LB_BACKEND_SERVICES","limit":50,"usage":0},{"metric":"GLOBAL_INTERNAL_TRAFFIC_DIRECTOR_BACKEND_SERVICES","limit":250,"usage":0}],"selfLink":"https://www.googleapis.com/compute/v1/projects/antwerp-eagles-d0a87","defaultServiceAccount":"53557639212-compute@developer.gserviceaccount.com","xpnProjectStatus":"UNSPECIFIED_XPN_PROJECT_STATUS","defaultNetworkTier":"PREMIUM","vmDnsSetting":"ZONAL_ONLY","cloudArmorTier":"CA_STANDARD"}
[debug] [2026-07-18T21:16:21.825Z] Checked if tokens are valid: true, expires at: 1784412965285
[debug] [2026-07-18T21:16:21.825Z] Checked if tokens are valid: true, expires at: 1784412965285
[debug] [2026-07-18T21:16:21.825Z] >>> [apiv2][query] GET https://cloudbilling.googleapis.com/v1/projects/antwerp-eagles-d0a87/billingInfo [none]
[debug] [2026-07-18T21:16:22.072Z] <<< [apiv2][status] GET https://cloudbilling.googleapis.com/v1/projects/antwerp-eagles-d0a87/billingInfo 200
[debug] [2026-07-18T21:16:22.072Z] <<< [apiv2][body] GET https://cloudbilling.googleapis.com/v1/projects/antwerp-eagles-d0a87/billingInfo {"name":"projects/antwerp-eagles-d0a87/billingInfo","projectId":"antwerp-eagles-d0a87","billingAccountName":"billingAccounts/018FBF-6DCFD6-C4DA36","billingEnabled":true}
[debug] [2026-07-18T21:16:22.074Z] Checked if tokens are valid: true, expires at: 1784412965285
[debug] [2026-07-18T21:16:22.074Z] Checked if tokens are valid: true, expires at: 1784412965285
[debug] [2026-07-18T21:16:22.074Z] >>> [apiv2][query] POST https://cloudfunctions.googleapis.com/v2/projects/antwerp-eagles-d0a87/locations/us-central1/functions:generateUploadUrl [none]
[debug] [2026-07-18T21:16:22.938Z] <<< [apiv2][status] POST https://cloudfunctions.googleapis.com/v2/projects/antwerp-eagles-d0a87/locations/us-central1/functions:generateUploadUrl 200
[debug] [2026-07-18T21:16:22.938Z] <<< [apiv2][body] POST https://cloudfunctions.googleapis.com/v2/projects/antwerp-eagles-d0a87/locations/us-central1/functions:generateUploadUrl {"uploadUrl":"https://storage.googleapis.com/gcf-v2-uploads-53557639212.us-central1.cloudfunctions.appspot.com/da5d53b4-e086-40ea-aac0-c6aca29ca2f3.zip?GoogleAccessId=service-53557639212@gcf-admin-robot.iam.gserviceaccount.com&Expires=1784411182&Signature=IrB20Xm1xZj2qGyVtGJ6llTRLFCZVdpVrpv0n7Pi%2FHkm8ec0AoZvjXUBzWW02HQYRb2U6kcPqgAOtdieof3IWvTTEkXjr1BB9mLgmBA2hslgd0QjeU%2FvL%2BUpEjgpeEJaf7R48sXO4A%2FNDBHisKcm4%2FYBTApSgltGwwDFF%2FVVMdTbKSWnOcior9nbbTraBzPNmPCDlc5oI7eCzL3I5oEVjOVikbkW4fEDwArT6KNnN%2BLiYXLjTbcWlmEWe35b%2FBZwGukwVTHlCpsH1mwMSGWEKxTaZVuAJKvHFBKg4qffUvVTm%2B3MLGN1%2BShhpKZ0QOFSkGdyu%2Bnjf%2F%2BHTRNbwwuuqg%3D%3D","storageSource":{"bucket":"gcf-v2-uploads-53557639212.us-central1.cloudfunctions.appspot.com","object":"da5d53b4-e086-40ea-aac0-c6aca29ca2f3.zip"}}
[debug] [2026-07-18T21:16:22.940Z] >>> [apiv2][query] PUT https://storage.googleapis.com/gcf-v2-uploads-53557639212.us-central1.cloudfunctions.appspot.com/da5d53b4-e086-40ea-aac0-c6aca29ca2f3.zip GoogleAccessId=service-53557639212%40gcf-admin-robot.iam.gserviceaccount.com&Expires=1784411182&Signature=IrB20Xm1xZj2qGyVtGJ6llTRLFCZVdpVrpv0n7Pi%2FHkm8ec0AoZvjXUBzWW02HQYRb2U6kcPqgAOtdieof3IWvTTEkXjr1BB9mLgmBA2hslgd0QjeU%2FvL%2BUpEjgpeEJaf7R48sXO4A%2FNDBHisKcm4%2FYBTApSgltGwwDFF%2FVVMdTbKSWnOcior9nbbTraBzPNmPCDlc5oI7eCzL3I5oEVjOVikbkW4fEDwArT6KNnN%2BLiYXLjTbcWlmEWe35b%2FBZwGukwVTHlCpsH1mwMSGWEKxTaZVuAJKvHFBKg4qffUvVTm%2B3MLGN1%2BShhpKZ0QOFSkGdyu%2Bnjf%2F%2BHTRNbwwuuqg%3D%3D
[debug] [2026-07-18T21:16:22.940Z] >>> [apiv2][body] PUT https://storage.googleapis.com/gcf-v2-uploads-53557639212.us-central1.cloudfunctions.appspot.com/da5d53b4-e086-40ea-aac0-c6aca29ca2f3.zip [stream]
[debug] [2026-07-18T21:16:23.258Z] <<< [apiv2][status] PUT https://storage.googleapis.com/gcf-v2-uploads-53557639212.us-central1.cloudfunctions.appspot.com/da5d53b4-e086-40ea-aac0-c6aca29ca2f3.zip 200
[debug] [2026-07-18T21:16:23.258Z] <<< [apiv2][body] PUT https://storage.googleapis.com/gcf-v2-uploads-53557639212.us-central1.cloudfunctions.appspot.com/da5d53b4-e086-40ea-aac0-c6aca29ca2f3.zip [omitted]
[info] +  functions: functions source uploaded successfully 
[info] i  functions: updating Node.js 24 (2nd Gen) function wbscProxy(us-central1)... 
[debug] [2026-07-18T21:16:23.260Z] Checked if tokens are valid: true, expires at: 1784412965285
[debug] [2026-07-18T21:16:23.261Z] Checked if tokens are valid: true, expires at: 1784412965285
[debug] [2026-07-18T21:16:23.261Z] >>> [apiv2][query] PATCH https://cloudfunctions.googleapis.com/v2/projects/antwerp-eagles-d0a87/locations/us-central1/functions/wbscProxy updateMask=name%2CbuildConfig.runtime%2CbuildConfig.entryPoint%2CbuildConfig.source.storageSource.bucket%2CbuildConfig.source.storageSource.object%2CbuildConfig.environmentVariables%2CbuildConfig.sourceToken%2CserviceConfig.environmentVariables%2CserviceConfig.ingressSettings%2CserviceConfig.timeoutSeconds%2CserviceConfig.serviceAccountEmail%2CserviceConfig.availableMemory%2CserviceConfig.minInstanceCount%2CserviceConfig.maxInstanceCount%2CserviceConfig.maxInstanceRequestConcurrency%2CserviceConfig.availableCpu%2CserviceConfig.vpcConnector%2CserviceConfig.vpcConnectorEgressSettings%2CserviceConfig.directVpcNetworkInterface%2CserviceConfig.directVpcEgress%2Clabels
[debug] [2026-07-18T21:16:23.261Z] >>> [apiv2][body] PATCH https://cloudfunctions.googleapis.com/v2/projects/antwerp-eagles-d0a87/locations/us-central1/functions/wbscProxy {"name":"projects/antwerp-eagles-d0a87/locations/us-central1/functions/wbscProxy","buildConfig":{"runtime":"nodejs24","entryPoint":"wbscProxy","source":{"storageSource":{"bucket":"gcf-v2-uploads-53557639212.us-central1.cloudfunctions.appspot.com","object":"da5d53b4-e086-40ea-aac0-c6aca29ca2f3.zip"}},"environmentVariables":{"GOOGLE_NODE_RUN_SCRIPTS":""}},"serviceConfig":{"environmentVariables":{"FIREBASE_CONFIG":"{\"projectId\":\"antwerp-eagles-d0a87\",\"storageBucket\":\"antwerp-eagles-d0a87.firebasestorage.app\"}","GCLOUD_PROJECT":"antwerp-eagles-d0a87","EVENTARC_CLOUD_EVENT_SOURCE":"projects/antwerp-eagles-d0a87/locations/us-central1/services/wbscProxy","FUNCTION_TARGET":"wbscProxy","LOG_EXECUTION_ID":"true","FUNCTION_SIGNATURE_TYPE":"http"},"ingressSettings":null,"timeoutSeconds":null,"serviceAccountEmail":null,"availableMemory":"256Mi","minInstanceCount":null,"maxInstanceCount":null,"maxInstanceRequestConcurrency":80,"availableCpu":"1","vpcConnector":null,"vpcConnectorEgressSettings":null,"directVpcNetworkInterface":null,"directVpcEgress":null},"labels":{"deployment-tool":"cli-firebase","firebase-functions-hash":"caa6c8f4912ae33da972bbd140837ae401d1bdc4"}}
[debug] [2026-07-18T21:16:25.101Z] <<< [apiv2][status] PATCH https://cloudfunctions.googleapis.com/v2/projects/antwerp-eagles-d0a87/locations/us-central1/functions/wbscProxy 200
[debug] [2026-07-18T21:16:25.101Z] <<< [apiv2][body] PATCH https://cloudfunctions.googleapis.com/v2/projects/antwerp-eagles-d0a87/locations/us-central1/functions/wbscProxy {"name":"projects/antwerp-eagles-d0a87/locations/us-central1/operations/operation-1784409383243-656e92f6c0dbe-cf25f41d-042f1994","metadata":{"@type":"type.googleapis.com/google.cloud.functions.v2.OperationMetadata","createTime":"2026-07-18T21:16:24.348574143Z","target":"projects/antwerp-eagles-d0a87/locations/us-central1/functions/wbscProxy","verb":"update","cancelRequested":false,"apiVersion":"v2"},"done":false}
[debug] [2026-07-18T21:16:25.102Z] Checked if tokens are valid: true, expires at: 1784412965285
[debug] [2026-07-18T21:16:25.102Z] Checked if tokens are valid: true, expires at: 1784412965285
[debug] [2026-07-18T21:16:25.102Z] >>> [apiv2][query] GET https://cloudfunctions.googleapis.com/v2/projects/antwerp-eagles-d0a87/locations/us-central1/operations/operation-1784409383243-656e92f6c0dbe-cf25f41d-042f1994 [none]
[debug] [2026-07-18T21:16:25.795Z] <<< [apiv2][status] GET https://cloudfunctions.googleapis.com/v2/projects/antwerp-eagles-d0a87/locations/us-central1/operations/operation-1784409383243-656e92f6c0dbe-cf25f41d-042f1994 200
[debug] [2026-07-18T21:16:25.796Z] <<< [apiv2][body] GET https://cloudfunctions.googleapis.com/v2/projects/antwerp-eagles-d0a87/locations/us-central1/operations/operation-1784409383243-656e92f6c0dbe-cf25f41d-042f1994 {"name":"projects/antwerp-eagles-d0a87/locations/us-central1/operations/operation-1784409383243-656e92f6c0dbe-cf25f41d-042f1994","metadata":{"@type":"type.googleapis.com/google.cloud.functions.v2.OperationMetadata","createTime":"2026-07-18T21:16:24.348574143Z","target":"projects/antwerp-eagles-d0a87/locations/us-central1/functions/wbscProxy","verb":"update","cancelRequested":false,"apiVersion":"v2","requestResource":{"@type":"type.googleapis.com/google.cloud.functions.v2.Function","name":"projects/antwerp-eagles-d0a87/locations/us-central1/functions/wbscProxy","buildConfig":{"runtime":"nodejs24","entryPoint":"wbscProxy","source":{"storageSource":{"bucket":"gcf-v2-sources-53557639212-us-central1","object":"wbscProxy/function-source.zip","generation":"1784409384261820"}},"environmentVariables":{"GOOGLE_NODE_RUN_SCRIPTS":""},"dockerRepository":"projects/antwerp-eagles-d0a87/locations/us-central1/repositories/gcf-artifacts","sourceProvenance":{"resolvedStorageSource":{"bucket":"gcf-v2-sources-53557639212-us-central1","object":"wbscProxy/function-source.zip","generation":"1779978788717474"}},"dockerRegistry":"ARTIFACT_REGISTRY","serviceAccount":"projects/antwerp-eagles-d0a87/serviceAccounts/53557639212-compute@developer.gserviceaccount.com","automaticUpdatePolicy":{}},"serviceConfig":{"service":"projects/antwerp-eagles-d0a87/locations/us-central1/services/wbscproxy","timeoutSeconds":60,"environmentVariables":{"FIREBASE_CONFIG":"{\"projectId\":\"antwerp-eagles-d0a87\",\"storageBucket\":\"antwerp-eagles-d0a87.firebasestorage.app\"}","GCLOUD_PROJECT":"antwerp-eagles-d0a87","EVENTARC_CLOUD_EVENT_SOURCE":"projects/antwerp-eagles-d0a87/locations/us-central1/services/wbscProxy","FUNCTION_TARGET":"wbscProxy","LOG_EXECUTION_ID":"true","FUNCTION_SIGNATURE_TYPE":"http"},"ingressSettings":"ALLOW_ALL","uri":"https://wbscproxy-25fwflr5va-uc.a.run.app","serviceAccountEmail":"53557639212-compute@developer.gserviceaccount.com","availableMemory":"256Mi","allTrafficOnLatestRevision":true,"revision":"wbscproxy-00005-few","maxInstanceRequestConcurrency":80,"availableCpu":"1"},"state":"ACTIVE","labels":{"deployment-tool":"cloudfunctions","firebase-functions-hash":"caa6c8f4912ae33da972bbd140837ae401d1bdc4"},"environment":"GEN_2","url":"https://us-central1-antwerp-eagles-d0a87.cloudfunctions.net/wbscProxy","satisfiesPzi":true},"stages":[{"name":"BUILD","state":"NOT_STARTED"},{"name":"SERVICE","state":"NOT_STARTED"}],"operationType":"UPDATE_FUNCTION"},"done":false}
[debug] [2026-07-18T21:16:26.309Z] [update-default-us-central1-wbscProxy] Retrying task index 0
[debug] [2026-07-18T21:16:26.309Z] Checked if tokens are valid: true, expires at: 1784412965285
[debug] [2026-07-18T21:16:26.309Z] Checked if tokens are valid: true, expires at: 1784412965285
[debug] [2026-07-18T21:16:26.309Z] >>> [apiv2][query] GET https://cloudfunctions.googleapis.com/v2/projects/antwerp-eagles-d0a87/locations/us-central1/operations/operation-1784409383243-656e92f6c0dbe-cf25f41d-042f1994 [none]
[debug] [2026-07-18T21:16:27.006Z] <<< [apiv2][status] GET https://cloudfunctions.googleapis.com/v2/projects/antwerp-eagles-d0a87/locations/us-central1/operations/operation-1784409383243-656e92f6c0dbe-cf25f41d-042f1994 200
[debug] [2026-07-18T21:16:27.006Z] <<< [apiv2][body] GET https://cloudfunctions.googleapis.com/v2/projects/antwerp-eagles-d0a87/locations/us-central1/operations/operation-1784409383243-656e92f6c0dbe-cf25f41d-042f1994 {"name":"projects/antwerp-eagles-d0a87/locations/us-central1/operations/operation-1784409383243-656e92f6c0dbe-cf25f41d-042f1994","metadata":{"@type":"type.googleapis.com/google.cloud.functions.v2.OperationMetadata","createTime":"2026-07-18T21:16:24.348574143Z","target":"projects/antwerp-eagles-d0a87/locations/us-central1/functions/wbscProxy","verb":"update","cancelRequested":false,"apiVersion":"v2","requestResource":{"@type":"type.googleapis.com/google.cloud.functions.v2.Function","name":"projects/antwerp-eagles-d0a87/locations/us-central1/functions/wbscProxy","buildConfig":{"runtime":"nodejs24","entryPoint":"wbscProxy","source":{"storageSource":{"bucket":"gcf-v2-sources-53557639212-us-central1","object":"wbscProxy/function-source.zip","generation":"1784409384261820"}},"environmentVariables":{"GOOGLE_NODE_RUN_SCRIPTS":""},"dockerRepository":"projects/antwerp-eagles-d0a87/locations/us-central1/repositories/gcf-artifacts","sourceProvenance":{"resolvedStorageSource":{"bucket":"gcf-v2-sources-53557639212-us-central1","object":"wbscProxy/function-source.zip","generation":"1779978788717474"}},"dockerRegistry":"ARTIFACT_REGISTRY","serviceAccount":"projects/antwerp-eagles-d0a87/serviceAccounts/53557639212-compute@developer.gserviceaccount.com","automaticUpdatePolicy":{}},"serviceConfig":{"service":"projects/antwerp-eagles-d0a87/locations/us-central1/services/wbscproxy","timeoutSeconds":60,"environmentVariables":{"FIREBASE_CONFIG":"{\"projectId\":\"antwerp-eagles-d0a87\",\"storageBucket\":\"antwerp-eagles-d0a87.firebasestorage.app\"}","GCLOUD_PROJECT":"antwerp-eagles-d0a87","EVENTARC_CLOUD_EVENT_SOURCE":"projects/antwerp-eagles-d0a87/locations/us-central1/services/wbscProxy","FUNCTION_TARGET":"wbscProxy","LOG_EXECUTION_ID":"true","FUNCTION_SIGNATURE_TYPE":"http"},"ingressSettings":"ALLOW_ALL","uri":"https://wbscproxy-25fwflr5va-uc.a.run.app","serviceAccountEmail":"53557639212-compute@developer.gserviceaccount.com","availableMemory":"256Mi","allTrafficOnLatestRevision":true,"revision":"wbscproxy-00005-few","maxInstanceRequestConcurrency":80,"availableCpu":"1"},"state":"ACTIVE","labels":{"deployment-tool":"cloudfunctions","firebase-functions-hash":"caa6c8f4912ae33da972bbd140837ae401d1bdc4"},"environment":"GEN_2","url":"https://us-central1-antwerp-eagles-d0a87.cloudfunctions.net/wbscProxy","satisfiesPzi":true},"stages":[{"name":"BUILD","message":"Build in progress","state":"IN_PROGRESS","resource":"projects/53557639212/locations/us-central1/builds/cce2970b-0984-431b-90d4-77f013832964","resourceUri":"https://console.cloud.google.com/cloud-build/builds;region=us-central1/cce2970b-0984-431b-90d4-77f013832964?project=53557639212"},{"name":"SERVICE","state":"NOT_STARTED"}],"operationType":"UPDATE_FUNCTION","buildName":"projects/53557639212/locations/us-central1/builds/cce2970b-0984-431b-90d4-77f013832964"},"done":false}
[debug] [2026-07-18T21:16:28.012Z] [update-default-us-central1-wbscProxy] Retrying task index 0
[debug] [2026-07-18T21:16:28.012Z] Checked if tokens are valid: true, expires at: 1784412965285
[debug] [2026-07-18T21:16:28.012Z] Checked if tokens are valid: true, expires at: 1784412965285
[debug] [2026-07-18T21:16:28.012Z] >>> [apiv2][query] GET https://cloudfunctions.googleapis.com/v2/projects/antwerp-eagles-d0a87/locations/us-central1/operations/operation-1784409383243-656e92f6c0dbe-cf25f41d-042f1994 [none]
[debug] [2026-07-18T21:16:28.718Z] <<< [apiv2][status] GET https://cloudfunctions.googleapis.com/v2/projects/antwerp-eagles-d0a87/locations/us-central1/operations/operation-1784409383243-656e92f6c0dbe-cf25f41d-042f1994 200
[debug] [2026-07-18T21:16:28.718Z] <<< [apiv2][body] GET https://cloudfunctions.googleapis.com/v2/projects/antwerp-eagles-d0a87/locations/us-central1/operations/operation-1784409383243-656e92f6c0dbe-cf25f41d-042f1994 {"name":"projects/antwerp-eagles-d0a87/locations/us-central1/operations/operation-1784409383243-656e92f6c0dbe-cf25f41d-042f1994","metadata":{"@type":"type.googleapis.com/google.cloud.functions.v2.OperationMetadata","createTime":"2026-07-18T21:16:24.348574143Z","target":"projects/antwerp-eagles-d0a87/locations/us-central1/functions/wbscProxy","verb":"update","cancelRequested":false,"apiVersion":"v2","requestResource":{"@type":"type.googleapis.com/google.cloud.functions.v2.Function","name":"projects/antwerp-eagles-d0a87/locations/us-central1/functions/wbscProxy","buildConfig":{"runtime":"nodejs24","entryPoint":"wbscProxy","source":{"storageSource":{"bucket":"gcf-v2-sources-53557639212-us-central1","object":"wbscProxy/function-source.zip","generation":"1784409384261820"}},"environmentVariables":{"GOOGLE_NODE_RUN_SCRIPTS":""},"dockerRepository":"projects/antwerp-eagles-d0a87/locations/us-central1/repositories/gcf-artifacts","sourceProvenance":{"resolvedStorageSource":{"bucket":"gcf-v2-sources-53557639212-us-central1","object":"wbscProxy/function-source.zip","generation":"1779978788717474"}},"dockerRegistry":"ARTIFACT_REGISTRY","serviceAccount":"projects/antwerp-eagles-d0a87/serviceAccounts/53557639212-compute@developer.gserviceaccount.com","automaticUpdatePolicy":{}},"serviceConfig":{"service":"projects/antwerp-eagles-d0a87/locations/us-central1/services/wbscproxy","timeoutSeconds":60,"environmentVariables":{"FIREBASE_CONFIG":"{\"projectId\":\"antwerp-eagles-d0a87\",\"storageBucket\":\"antwerp-eagles-d0a87.firebasestorage.app\"}","GCLOUD_PROJECT":"antwerp-eagles-d0a87","EVENTARC_CLOUD_EVENT_SOURCE":"projects/antwerp-eagles-d0a87/locations/us-central1/services/wbscProxy","FUNCTION_TARGET":"wbscProxy","LOG_EXECUTION_ID":"true","FUNCTION_SIGNATURE_TYPE":"http"},"ingressSettings":"ALLOW_ALL","uri":"https://wbscproxy-25fwflr5va-uc.a.run.app","serviceAccountEmail":"53557639212-compute@developer.gserviceaccount.com","availableMemory":"256Mi","allTrafficOnLatestRevision":true,"revision":"wbscproxy-00005-few","maxInstanceRequestConcurrency":80,"availableCpu":"1"},"state":"ACTIVE","labels":{"deployment-tool":"cloudfunctions","firebase-functions-hash":"caa6c8f4912ae33da972bbd140837ae401d1bdc4"},"environment":"GEN_2","url":"https://us-central1-antwerp-eagles-d0a87.cloudfunctions.net/wbscProxy","satisfiesPzi":true},"stages":[{"name":"BUILD","message":"Build in progress","state":"IN_PROGRESS","resource":"projects/53557639212/locations/us-central1/builds/cce2970b-0984-431b-90d4-77f013832964","resourceUri":"https://console.cloud.google.com/cloud-build/builds;region=us-central1/cce2970b-0984-431b-90d4-77f013832964?project=53557639212"},{"name":"SERVICE","state":"NOT_STARTED"}],"operationType":"UPDATE_FUNCTION","buildName":"projects/53557639212/locations/us-central1/builds/cce2970b-0984-431b-90d4-77f013832964"},"done":false}
[debug] [2026-07-18T21:16:30.722Z] [update-default-us-central1-wbscProxy] Retrying task index 0
[debug] [2026-07-18T21:16:30.722Z] Checked if tokens are valid: true, expires at: 1784412965285
[debug] [2026-07-18T21:16:30.722Z] Checked if tokens are valid: true, expires at: 1784412965285
[debug] [2026-07-18T21:16:30.722Z] >>> [apiv2][query] GET https://cloudfunctions.googleapis.com/v2/projects/antwerp-eagles-d0a87/locations/us-central1/operations/operation-1784409383243-656e92f6c0dbe-cf25f41d-042f1994 [none]
[debug] [2026-07-18T21:16:31.425Z] <<< [apiv2][status] GET https://cloudfunctions.googleapis.com/v2/projects/antwerp-eagles-d0a87/locations/us-central1/operations/operation-1784409383243-656e92f6c0dbe-cf25f41d-042f1994 200
[debug] [2026-07-18T21:16:31.425Z] <<< [apiv2][body] GET https://cloudfunctions.googleapis.com/v2/projects/antwerp-eagles-d0a87/locations/us-central1/operations/operation-1784409383243-656e92f6c0dbe-cf25f41d-042f1994 {"name":"projects/antwerp-eagles-d0a87/locations/us-central1/operations/operation-1784409383243-656e92f6c0dbe-cf25f41d-042f1994","metadata":{"@type":"type.googleapis.com/google.cloud.functions.v2.OperationMetadata","createTime":"2026-07-18T21:16:24.348574143Z","target":"projects/antwerp-eagles-d0a87/locations/us-central1/functions/wbscProxy","verb":"update","cancelRequested":false,"apiVersion":"v2","requestResource":{"@type":"type.googleapis.com/google.cloud.functions.v2.Function","name":"projects/antwerp-eagles-d0a87/locations/us-central1/functions/wbscProxy","buildConfig":{"runtime":"nodejs24","entryPoint":"wbscProxy","source":{"storageSource":{"bucket":"gcf-v2-sources-53557639212-us-central1","object":"wbscProxy/function-source.zip","generation":"1784409384261820"}},"environmentVariables":{"GOOGLE_NODE_RUN_SCRIPTS":""},"dockerRepository":"projects/antwerp-eagles-d0a87/locations/us-central1/repositories/gcf-artifacts","sourceProvenance":{"resolvedStorageSource":{"bucket":"gcf-v2-sources-53557639212-us-central1","object":"wbscProxy/function-source.zip","generation":"1779978788717474"}},"dockerRegistry":"ARTIFACT_REGISTRY","serviceAccount":"projects/antwerp-eagles-d0a87/serviceAccounts/53557639212-compute@developer.gserviceaccount.com","automaticUpdatePolicy":{}},"serviceConfig":{"service":"projects/antwerp-eagles-d0a87/locations/us-central1/services/wbscproxy","timeoutSeconds":60,"environmentVariables":{"FIREBASE_CONFIG":"{\"projectId\":\"antwerp-eagles-d0a87\",\"storageBucket\":\"antwerp-eagles-d0a87.firebasestorage.app\"}","GCLOUD_PROJECT":"antwerp-eagles-d0a87","EVENTARC_CLOUD_EVENT_SOURCE":"projects/antwerp-eagles-d0a87/locations/us-central1/services/wbscProxy","FUNCTION_TARGET":"wbscProxy","LOG_EXECUTION_ID":"true","FUNCTION_SIGNATURE_TYPE":"http"},"ingressSettings":"ALLOW_ALL","uri":"https://wbscproxy-25fwflr5va-uc.a.run.app","serviceAccountEmail":"53557639212-compute@developer.gserviceaccount.com","availableMemory":"256Mi","allTrafficOnLatestRevision":true,"revision":"wbscproxy-00005-few","maxInstanceRequestConcurrency":80,"availableCpu":"1"},"state":"ACTIVE","labels":{"deployment-tool":"cloudfunctions","firebase-functions-hash":"caa6c8f4912ae33da972bbd140837ae401d1bdc4"},"environment":"GEN_2","url":"https://us-central1-antwerp-eagles-d0a87.cloudfunctions.net/wbscProxy","satisfiesPzi":true},"stages":[{"name":"BUILD","message":"Build in progress","state":"IN_PROGRESS","resource":"projects/53557639212/locations/us-central1/builds/cce2970b-0984-431b-90d4-77f013832964","resourceUri":"https://console.cloud.google.com/cloud-build/builds;region=us-central1/cce2970b-0984-431b-90d4-77f013832964?project=53557639212"},{"name":"SERVICE","state":"NOT_STARTED"}],"operationType":"UPDATE_FUNCTION","buildName":"projects/53557639212/locations/us-central1/builds/cce2970b-0984-431b-90d4-77f013832964"},"done":false}
[debug] [2026-07-18T21:16:35.436Z] [update-default-us-central1-wbscProxy] Retrying task index 0
[debug] [2026-07-18T21:16:35.436Z] Checked if tokens are valid: true, expires at: 1784412965285
[debug] [2026-07-18T21:16:35.436Z] Checked if tokens are valid: true, expires at: 1784412965285
[debug] [2026-07-18T21:16:35.436Z] >>> [apiv2][query] GET https://cloudfunctions.googleapis.com/v2/projects/antwerp-eagles-d0a87/locations/us-central1/operations/operation-1784409383243-656e92f6c0dbe-cf25f41d-042f1994 [none]
[debug] [2026-07-18T21:16:36.144Z] <<< [apiv2][status] GET https://cloudfunctions.googleapis.com/v2/projects/antwerp-eagles-d0a87/locations/us-central1/operations/operation-1784409383243-656e92f6c0dbe-cf25f41d-042f1994 200
[debug] [2026-07-18T21:16:36.145Z] <<< [apiv2][body] GET https://cloudfunctions.googleapis.com/v2/projects/antwerp-eagles-d0a87/locations/us-central1/operations/operation-1784409383243-656e92f6c0dbe-cf25f41d-042f1994 {"name":"projects/antwerp-eagles-d0a87/locations/us-central1/operations/operation-1784409383243-656e92f6c0dbe-cf25f41d-042f1994","metadata":{"@type":"type.googleapis.com/google.cloud.functions.v2.OperationMetadata","createTime":"2026-07-18T21:16:24.348574143Z","target":"projects/antwerp-eagles-d0a87/locations/us-central1/functions/wbscProxy","verb":"update","cancelRequested":false,"apiVersion":"v2","requestResource":{"@type":"type.googleapis.com/google.cloud.functions.v2.Function","name":"projects/antwerp-eagles-d0a87/locations/us-central1/functions/wbscProxy","buildConfig":{"runtime":"nodejs24","entryPoint":"wbscProxy","source":{"storageSource":{"bucket":"gcf-v2-sources-53557639212-us-central1","object":"wbscProxy/function-source.zip","generation":"1784409384261820"}},"environmentVariables":{"GOOGLE_NODE_RUN_SCRIPTS":""},"dockerRepository":"projects/antwerp-eagles-d0a87/locations/us-central1/repositories/gcf-artifacts","sourceProvenance":{"resolvedStorageSource":{"bucket":"gcf-v2-sources-53557639212-us-central1","object":"wbscProxy/function-source.zip","generation":"1779978788717474"}},"dockerRegistry":"ARTIFACT_REGISTRY","serviceAccount":"projects/antwerp-eagles-d0a87/serviceAccounts/53557639212-compute@developer.gserviceaccount.com","automaticUpdatePolicy":{}},"serviceConfig":{"service":"projects/antwerp-eagles-d0a87/locations/us-central1/services/wbscproxy","timeoutSeconds":60,"environmentVariables":{"FIREBASE_CONFIG":"{\"projectId\":\"antwerp-eagles-d0a87\",\"storageBucket\":\"antwerp-eagles-d0a87.firebasestorage.app\"}","GCLOUD_PROJECT":"antwerp-eagles-d0a87","EVENTARC_CLOUD_EVENT_SOURCE":"projects/antwerp-eagles-d0a87/locations/us-central1/services/wbscProxy","FUNCTION_TARGET":"wbscProxy","LOG_EXECUTION_ID":"true","FUNCTION_SIGNATURE_TYPE":"http"},"ingressSettings":"ALLOW_ALL","uri":"https://wbscproxy-25fwflr5va-uc.a.run.app","serviceAccountEmail":"53557639212-compute@developer.gserviceaccount.com","availableMemory":"256Mi","allTrafficOnLatestRevision":true,"revision":"wbscproxy-00005-few","maxInstanceRequestConcurrency":80,"availableCpu":"1"},"state":"ACTIVE","labels":{"deployment-tool":"cloudfunctions","firebase-functions-hash":"caa6c8f4912ae33da972bbd140837ae401d1bdc4"},"environment":"GEN_2","url":"https://us-central1-antwerp-eagles-d0a87.cloudfunctions.net/wbscProxy","satisfiesPzi":true},"stages":[{"name":"BUILD","message":"Build in progress","state":"IN_PROGRESS","resource":"projects/53557639212/locations/us-central1/builds/cce2970b-0984-431b-90d4-77f013832964","resourceUri":"https://console.cloud.google.com/cloud-build/builds;region=us-central1/cce2970b-0984-431b-90d4-77f013832964?project=53557639212"},{"name":"SERVICE","state":"NOT_STARTED"}],"operationType":"UPDATE_FUNCTION","buildName":"projects/53557639212/locations/us-central1/builds/cce2970b-0984-431b-90d4-77f013832964"},"done":false}
[debug] [2026-07-18T21:16:44.146Z] [update-default-us-central1-wbscProxy] Retrying task index 0
[debug] [2026-07-18T21:16:44.147Z] Checked if tokens are valid: true, expires at: 1784412965285
[debug] [2026-07-18T21:16:44.147Z] Checked if tokens are valid: true, expires at: 1784412965285
[debug] [2026-07-18T21:16:44.147Z] >>> [apiv2][query] GET https://cloudfunctions.googleapis.com/v2/projects/antwerp-eagles-d0a87/locations/us-central1/operations/operation-1784409383243-656e92f6c0dbe-cf25f41d-042f1994 [none]
[debug] [2026-07-18T21:16:44.896Z] <<< [apiv2][status] GET https://cloudfunctions.googleapis.com/v2/projects/antwerp-eagles-d0a87/locations/us-central1/operations/operation-1784409383243-656e92f6c0dbe-cf25f41d-042f1994 200
[debug] [2026-07-18T21:16:44.896Z] <<< [apiv2][body] GET https://cloudfunctions.googleapis.com/v2/projects/antwerp-eagles-d0a87/locations/us-central1/operations/operation-1784409383243-656e92f6c0dbe-cf25f41d-042f1994 {"name":"projects/antwerp-eagles-d0a87/locations/us-central1/operations/operation-1784409383243-656e92f6c0dbe-cf25f41d-042f1994","metadata":{"@type":"type.googleapis.com/google.cloud.functions.v2.OperationMetadata","createTime":"2026-07-18T21:16:24.348574143Z","target":"projects/antwerp-eagles-d0a87/locations/us-central1/functions/wbscProxy","verb":"update","cancelRequested":false,"apiVersion":"v2","requestResource":{"@type":"type.googleapis.com/google.cloud.functions.v2.Function","name":"projects/antwerp-eagles-d0a87/locations/us-central1/functions/wbscProxy","buildConfig":{"runtime":"nodejs24","entryPoint":"wbscProxy","source":{"storageSource":{"bucket":"gcf-v2-sources-53557639212-us-central1","object":"wbscProxy/function-source.zip","generation":"1784409384261820"}},"environmentVariables":{"GOOGLE_NODE_RUN_SCRIPTS":""},"dockerRepository":"projects/antwerp-eagles-d0a87/locations/us-central1/repositories/gcf-artifacts","sourceProvenance":{"resolvedStorageSource":{"bucket":"gcf-v2-sources-53557639212-us-central1","object":"wbscProxy/function-source.zip","generation":"1779978788717474"}},"dockerRegistry":"ARTIFACT_REGISTRY","serviceAccount":"projects/antwerp-eagles-d0a87/serviceAccounts/53557639212-compute@developer.gserviceaccount.com","automaticUpdatePolicy":{}},"serviceConfig":{"service":"projects/antwerp-eagles-d0a87/locations/us-central1/services/wbscproxy","timeoutSeconds":60,"environmentVariables":{"FIREBASE_CONFIG":"{\"projectId\":\"antwerp-eagles-d0a87\",\"storageBucket\":\"antwerp-eagles-d0a87.firebasestorage.app\"}","GCLOUD_PROJECT":"antwerp-eagles-d0a87","EVENTARC_CLOUD_EVENT_SOURCE":"projects/antwerp-eagles-d0a87/locations/us-central1/services/wbscProxy","FUNCTION_TARGET":"wbscProxy","LOG_EXECUTION_ID":"true","FUNCTION_SIGNATURE_TYPE":"http"},"ingressSettings":"ALLOW_ALL","uri":"https://wbscproxy-25fwflr5va-uc.a.run.app","serviceAccountEmail":"53557639212-compute@developer.gserviceaccount.com","availableMemory":"256Mi","allTrafficOnLatestRevision":true,"revision":"wbscproxy-00005-few","maxInstanceRequestConcurrency":80,"availableCpu":"1"},"state":"ACTIVE","labels":{"deployment-tool":"cloudfunctions","firebase-functions-hash":"caa6c8f4912ae33da972bbd140837ae401d1bdc4"},"environment":"GEN_2","url":"https://us-central1-antwerp-eagles-d0a87.cloudfunctions.net/wbscProxy","satisfiesPzi":true},"stages":[{"name":"BUILD","message":"Build in progress","state":"IN_PROGRESS","resource":"projects/53557639212/locations/us-central1/builds/cce2970b-0984-431b-90d4-77f013832964","resourceUri":"https://console.cloud.google.com/cloud-build/builds;region=us-central1/cce2970b-0984-431b-90d4-77f013832964?project=53557639212"},{"name":"SERVICE","state":"NOT_STARTED"}],"operationType":"UPDATE_FUNCTION","buildName":"projects/53557639212/locations/us-central1/builds/cce2970b-0984-431b-90d4-77f013832964"},"done":false}
[debug] [2026-07-18T21:16:54.899Z] [update-default-us-central1-wbscProxy] Retrying task index 0
[debug] [2026-07-18T21:16:54.899Z] Checked if tokens are valid: true, expires at: 1784412965285
[debug] [2026-07-18T21:16:54.899Z] Checked if tokens are valid: true, expires at: 1784412965285
[debug] [2026-07-18T21:16:54.899Z] >>> [apiv2][query] GET https://cloudfunctions.googleapis.com/v2/projects/antwerp-eagles-d0a87/locations/us-central1/operations/operation-1784409383243-656e92f6c0dbe-cf25f41d-042f1994 [none]
[debug] [2026-07-18T21:16:55.651Z] <<< [apiv2][status] GET https://cloudfunctions.googleapis.com/v2/projects/antwerp-eagles-d0a87/locations/us-central1/operations/operation-1784409383243-656e92f6c0dbe-cf25f41d-042f1994 200
[debug] [2026-07-18T21:16:55.651Z] <<< [apiv2][body] GET https://cloudfunctions.googleapis.com/v2/projects/antwerp-eagles-d0a87/locations/us-central1/operations/operation-1784409383243-656e92f6c0dbe-cf25f41d-042f1994 {"name":"projects/antwerp-eagles-d0a87/locations/us-central1/operations/operation-1784409383243-656e92f6c0dbe-cf25f41d-042f1994","metadata":{"@type":"type.googleapis.com/google.cloud.functions.v2.OperationMetadata","createTime":"2026-07-18T21:16:24.348574143Z","target":"projects/antwerp-eagles-d0a87/locations/us-central1/functions/wbscProxy","verb":"update","cancelRequested":false,"apiVersion":"v2","requestResource":{"@type":"type.googleapis.com/google.cloud.functions.v2.Function","name":"projects/antwerp-eagles-d0a87/locations/us-central1/functions/wbscProxy","buildConfig":{"runtime":"nodejs24","entryPoint":"wbscProxy","source":{"storageSource":{"bucket":"gcf-v2-sources-53557639212-us-central1","object":"wbscProxy/function-source.zip","generation":"1784409384261820"}},"environmentVariables":{"GOOGLE_NODE_RUN_SCRIPTS":""},"dockerRepository":"projects/antwerp-eagles-d0a87/locations/us-central1/repositories/gcf-artifacts","sourceProvenance":{"resolvedStorageSource":{"bucket":"gcf-v2-sources-53557639212-us-central1","object":"wbscProxy/function-source.zip","generation":"1779978788717474"}},"dockerRegistry":"ARTIFACT_REGISTRY","serviceAccount":"projects/antwerp-eagles-d0a87/serviceAccounts/53557639212-compute@developer.gserviceaccount.com","automaticUpdatePolicy":{}},"serviceConfig":{"service":"projects/antwerp-eagles-d0a87/locations/us-central1/services/wbscproxy","timeoutSeconds":60,"environmentVariables":{"FIREBASE_CONFIG":"{\"projectId\":\"antwerp-eagles-d0a87\",\"storageBucket\":\"antwerp-eagles-d0a87.firebasestorage.app\"}","GCLOUD_PROJECT":"antwerp-eagles-d0a87","EVENTARC_CLOUD_EVENT_SOURCE":"projects/antwerp-eagles-d0a87/locations/us-central1/services/wbscProxy","FUNCTION_TARGET":"wbscProxy","LOG_EXECUTION_ID":"true","FUNCTION_SIGNATURE_TYPE":"http"},"ingressSettings":"ALLOW_ALL","uri":"https://wbscproxy-25fwflr5va-uc.a.run.app","serviceAccountEmail":"53557639212-compute@developer.gserviceaccount.com","availableMemory":"256Mi","allTrafficOnLatestRevision":true,"revision":"wbscproxy-00005-few","maxInstanceRequestConcurrency":80,"availableCpu":"1"},"state":"ACTIVE","labels":{"deployment-tool":"cloudfunctions","firebase-functions-hash":"caa6c8f4912ae33da972bbd140837ae401d1bdc4"},"environment":"GEN_2","url":"https://us-central1-antwerp-eagles-d0a87.cloudfunctions.net/wbscProxy","satisfiesPzi":true},"stages":[{"name":"BUILD","message":"Build in progress","state":"IN_PROGRESS","resource":"projects/53557639212/locations/us-central1/builds/cce2970b-0984-431b-90d4-77f013832964","resourceUri":"https://console.cloud.google.com/cloud-build/builds;region=us-central1/cce2970b-0984-431b-90d4-77f013832964?project=53557639212"},{"name":"SERVICE","state":"NOT_STARTED"}],"operationType":"UPDATE_FUNCTION","buildName":"projects/53557639212/locations/us-central1/builds/cce2970b-0984-431b-90d4-77f013832964"},"done":false}
